<?xml version="1.0" encoding="UTF-8"?>
<!-- Generated by org.testng.reporters.JUnitXMLReporter -->
<testsuite ignored="0" hostname="LAPTOP-AS1U2ANL" failures="0" tests="5" name="Default test" time="39.793" errors="0" timestamp="2022-08-04T21:07:21 IST">
  <testcase classname="testCases.HomePage" name="basePage" time="5.809"/>
  <testcase classname="testCases.HomePage" name="LogInTest" time="3.474"/>
  <testcase classname="testCases.HomePage" name="ReturnAndOrders" time="5.666"/>
  <testcase classname="testCases.HomePage" name="SearchProduct" time="13.87"/>
  <testcase classname="testCases.HomePage" name="ProductInCart" time="7.979"/>
</testsuite> <!-- Default test -->
