<?xml version="1.0" encoding="UTF-8"?>
<!-- Generated by org.testng.reporters.JUnitXMLReporter -->
<testsuite ignored="0" hostname="LAPTOP-AS1U2ANL" failures="0" tests="5" name="Test" time="60.78" errors="0" timestamp="2022-08-05T22:04:13 IST">
  <testcase classname="testCases.HomePage" name="basePage" time="12.598"/>
  <testcase classname="testCases.HomePage" name="LogInTest" time="6.527"/>
  <testcase classname="testCases.HomePage" name="ReturnAndOrders" time="8.095"/>
  <testcase classname="testCases.HomePage" name="SearchProduct" time="19.901"/>
  <testcase classname="testCases.HomePage" name="ProductInCart" time="9.888"/>
</testsuite> <!-- Test -->
