<?xml version="1.0" encoding="UTF-8"?>
<testng-results ignored="3" total="5" passed="2" failed="0" skipped="0">
  <reporter-output>
  </reporter-output>
  <suite started-at="2022-08-27T14:06:07 IST" name="Amazon Login Suite" finished-at="2022-08-27T14:06:22 IST" duration-ms="15084">
    <groups>
    </groups>
    <test started-at="2022-08-27T14:06:07 IST" name="Test" finished-at="2022-08-27T14:06:22 IST" duration-ms="15084">
      <class name="testCases.HomePage">
        <test-method is-config="true" signature="config()[pri:0, instance:testCases.HomePage@7ac0e420]" started-at="2022-08-27T14:06:07 IST" name="config" finished-at="2022-08-27T14:06:07 IST" duration-ms="405" status="PASS">
          <reporter-output>
          </reporter-output>
        </test-method> <!-- config -->
        <test-method signature="basePage()[pri:0, instance:testCases.HomePage@7ac0e420]" started-at="2022-08-27T14:06:07 IST" name="basePage" finished-at="2022-08-27T14:06:16 IST" duration-ms="8306" status="PASS">
          <reporter-output>
          </reporter-output>
        </test-method> <!-- basePage -->
        <test-method signature="LogInTest()[pri:0, instance:testCases.HomePage@7ac0e420]" started-at="2022-08-27T14:06:16 IST" name="LogInTest" finished-at="2022-08-27T14:06:21 IST" depends-on-methods="testCases.HomePage.basePage" duration-ms="5183" status="PASS">
          <reporter-output>
          </reporter-output>
        </test-method> <!-- LogInTest -->
        <test-method is-config="true" signature="newTest()[pri:0, instance:testCases.HomePage@7ac0e420]" started-at="2022-08-27T14:06:21 IST" name="newTest" finished-at="2022-08-27T14:06:22 IST" duration-ms="1132" status="PASS">
          <reporter-output>
          </reporter-output>
        </test-method> <!-- newTest -->
      </class> <!-- testCases.HomePage -->
    </test> <!-- Test -->
  </suite> <!-- Amazon Login Suite -->
</testng-results>
