<?xml version="1.0" encoding="UTF-8"?>
<!-- Generated by org.testng.reporters.JUnitXMLReporter -->
<testsuite ignored="3" hostname="LAPTOP-AS1U2ANL" failures="0" tests="2" name="Test" time="20.585" errors="0" timestamp="2022-08-05T22:37:05 IST">
  <testcase classname="testCases.HomePage" name="basePage" time="10.474"/>
  <testcase classname="testCases.HomePage" name="LogInTest" time="7.798"/>
  <testcase classname="testCases.HomePage" name="ReturnAndOrders" time="0.0">
    <ignored/>
  </testcase> <!-- ReturnAndOrders -->
  <testcase classname="testCases.HomePage" name="SearchProduct" time="0.0">
    <ignored/>
  </testcase> <!-- SearchProduct -->
  <testcase classname="testCases.HomePage" name="ProductInCart" time="0.0">
    <ignored/>
  </testcase> <!-- ProductInCart -->
</testsuite> <!-- Test -->
