<?xml version="1.0" encoding="UTF-8"?>
<!-- Generated by org.testng.reporters.JUnitXMLReporter -->
<testsuite ignored="0" hostname="LAPTOP-AS1U2ANL" failures="0" tests="5" name="Test" time="65.573" errors="0" timestamp="2022-08-05T23:07:10 IST">
  <testcase classname="testCases.HomePage" name="basePage" time="12.481"/>
  <testcase classname="testCases.HomePage" name="LogInTest" time="5.713"/>
  <testcase classname="testCases.HomePage" name="ReturnAndOrders" time="8.445"/>
  <testcase classname="testCases.HomePage" name="SearchProduct" time="19.4"/>
  <testcase classname="testCases.HomePage" name="ProductInCart" time="16.713"/>
</testsuite> <!-- Test -->
